<?xml version="1.0" encoding="UTF-8"?>
<!-- Generated by org.testng.reporters.JUnitReportReporter -->
<testsuite hostname="DESKTOP-FQ2Q8F9" failures="0" tests="1" name="DemoTest" time="15.794" errors="0" timestamp="2023-12-16T13:09:04 IST" skipped="0">
  <testcase classname="DemoTest" name="scenario" time="15.794"/>
  <system-out/>
</testsuite> <!-- DemoTest -->
