<?xml version="1.0" encoding="UTF-8"?>
<!-- Generated by org.testng.reporters.JUnitReportReporter -->
<testsuite hostname="DESKTOP-FQ2Q8F9" failures="0" tests="1" name="SauceLabsTest" time="4.374" errors="0" timestamp="2023-12-15T20:09:00 IST" skipped="0">
  <testcase classname="SauceLabsTest" name="login" time="4.374"/>
  <system-out/>
</testsuite> <!-- SauceLabsTest -->
